<?xml version="1.0" encoding="UTF-8"?>
<testsuite xmlns:xsi="http://www.w3.org/2001/XMLSchema-instance" xsi:noNamespaceSchemaLocation="https://maven.apache.org/surefire/maven-surefire-plugin/xsd/surefire-test-report-3.0.xsd" version="3.0" name="com.example.Futurize.FuturizeApplicationTests" time="16.16" tests="1" errors="0" skipped="0" failures="0">
  <properties>
[...]
</properties>
  <testcase name="contextLoads" classname="com.example.Futurize.FuturizeApplicationTests" time="3.21">
    <system-out><![CDATA[16:01:13.441 [main] INFO org.springframework.test.context.support.AnnotationConfigContextLoaderUtils -- Could not detect default configuration classes for test class [com.example.Futurize.FuturizeApplicationTests]: FuturizeApplicationTests does not declare any static, non-private, non-final, nested classes annotated with @Configuration.
16:01:14.029 [main] INFO org.springframework.boot.test.context.SpringBootTestContextBootstrapper -- Found @SpringBootConfiguration com.example.Futurize.FuturizeApplication for test class com.example.Futurize.FuturizeApplicationTests

  .   ____          _            __ _ _
 /\\ / ___'_ __ _ _(_)_ __  __ _ \ \ \ \
( ( )\___ | '_ | '_| | '_ \/ _` | \ \ \ \
 \\/  ___)| |_)| | | | | || (_| |  ) ) ) )
  '  |____| .__|_| |_|_| |_\__, | / / / /
 =========|_|==============|___/=/_/_/_/
 :: Spring Boot ::                (v3.1.4)

2023-09-21T16:01:17.775-03:00  INFO 7756 --- [           main] c.e.Futurize.FuturizeApplicationTests    : Starting FuturizeApplicationTests using Java 19.0.2 with PID 7756 (started by fbbsg in C:\Users\fbbsg\Documents\Fatec\Projeto\Futurize\Futurize)
2023-09-21T16:01:17.804-03:00  INFO 7756 --- [           main] c.e.Futurize.FuturizeApplicationTests    : No active profile set, falling back to 1 default profile: "default"
2023-09-21T16:01:25.397-03:00  INFO 7756 --- [           main] c.e.Futurize.FuturizeApplicationTests    : Started FuturizeApplicationTests in 9.716 seconds (process running for 14.363)
]]></system-out>
  </testcase>
</testsuite>